# JRE version: Java(TM) SE Runtime Environment (8.0_181-b13) (build 1.8.0_181-b13)
# Java VM: Java HotSpot(TM) 64-Bit Server VM (25.181-b13 mixed mode windows-amd64 compressed oops)
Heap:
 PSYoungGen      total 926208K, used 576017K [0x000000076b380000, 0x00000007c0000000, 0x00000007c0000000)
  eden space 463360K, 82% used [0x000000076b380000,0x0000000782988648,0x0000000787800000)
  from space 462848K, 41% used [0x00000007a3c00000,0x00000007af87be00,0x00000007c0000000)
  to   space 462848K, 0% used [0x0000000787800000,0x0000000787800000,0x00000007a3c00000)
 ParOldGen       total 2722304K, used 1920740K [0x00000006c1a00000, 0x0000000767c80000, 0x000000076b380000)
  object space 2722304K, 70% used [0x00000006c1a00000,0x0000000736db9218,0x0000000767c80000)
 Metaspace       used 4117K, capacity 4638K, committed 4864K, reserved 1056768K
  class space    used 440K, capacity 462K, committed 512K, reserved 1048576K
GC Heap History (10 events):
Event: 159.149 GC heap before
{Heap before GC invocations=118 (full 14):
 PSYoungGen      total 926208K, used 463392K [0x000000076b380000, 0x00000007c0000000, 0x00000007c0000000)
  eden space 463360K, 100% used [0x000000076b380000,0x0000000787800000,0x0000000787800000)
  from space 462848K, 0% used [0x0000000787800000,0x0000000787808000,0x00000007a3c00000)
  to   space 462848K, 0% used [0x00000007a3c00000,0x00000007a3c00000,0x00000007c0000000)
 ParOldGen       total 2722304K, used 1920732K [0x00000006c1a00000, 0x0000000767c80000, 0x000000076b380000)
  object space 2722304K, 70% used [0x00000006c1a00000,0x0000000736db7218,0x0000000767c80000)
 Metaspace       used 4117K, capacity 4638K, committed 4864K, reserved 1056768K
  class space    used 440K, capacity 462K, committed 512K, reserved 1048576K
Event: 159.154 GC heap after
Heap after GC invocations=118 (full 14):
 PSYoungGen      total 926208K, used 32K [0x000000076b380000, 0x00000007c0000000, 0x00000007c0000000)
  eden space 463360K, 0% used [0x000000076b380000,0x000000076b380000,0x0000000787800000)
  from space 462848K, 0% used [0x00000007a3c00000,0x00000007a3c08000,0x00000007c0000000)
  to   space 462848K, 0% used [0x0000000787800000,0x0000000787800000,0x00000007a3c00000)
 ParOldGen       total 2722304K, used 1920732K [0x00000006c1a00000, 0x0000000767c80000, 0x000000076b380000)
  object space 2722304K, 70% used [0x00000006c1a00000,0x0000000736db7218,0x0000000767c80000)
 Metaspace       used 4117K, capacity 4638K, committed 4864K, reserved 1056768K
  class space    used 440K, capacity 462K, committed 512K, reserved 1048576K
}
Event: 159.471 GC heap before
{Heap before GC invocations=119 (full 14):
 PSYoungGen      total 926208K, used 463392K [0x000000076b380000, 0x00000007c0000000, 0x00000007c0000000)
  eden space 463360K, 100% used [0x000000076b380000,0x0000000787800000,0x0000000787800000)
  from space 462848K, 0% used [0x00000007a3c00000,0x00000007a3c08000,0x00000007c0000000)
  to   space 462848K, 0% used [0x0000000787800000,0x0000000787800000,0x00000007a3c00000)
 ParOldGen       total 2722304K, used 1920732K [0x00000006c1a00000, 0x0000000767c80000, 0x000000076b380000)
  object space 2722304K, 70% used [0x00000006c1a00000,0x0000000736db7218,0x0000000767c80000)
 Metaspace       used 4117K, capacity 4638K, committed 4864K, reserved 1056768K
  class space    used 440K, capacity 462K, committed 512K, reserved 1048576K
Event: 159.476 GC heap after
Heap after GC invocations=119 (full 14):
 PSYoungGen      total 926208K, used 32K [0x000000076b380000, 0x00000007c0000000, 0x00000007c0000000)
  eden space 463360K, 0% used [0x000000076b380000,0x000000076b380000,0x0000000787800000)
  from space 462848K, 0% used [0x0000000787800000,0x0000000787808000,0x00000007a3c00000)
  to   space 462848K, 0% used [0x00000007a3c00000,0x00000007a3c00000,0x00000007c0000000)
 ParOldGen       total 2722304K, used 1920732K [0x00000006c1a00000, 0x0000000767c80000, 0x000000076b380000)
  object space 2722304K, 70% used [0x00000006c1a00000,0x0000000736db7218,0x0000000767c80000)
 Metaspace       used 4117K, capacity 4638K, committed 4864K, reserved 1056768K
  class space    used 440K, capacity 462K, committed 512K, reserved 1048576K
}
Event: 159.630 GC heap before
{Heap before GC invocations=120 (full 14):
 PSYoungGen      total 926208K, used 395250K [0x000000076b380000, 0x00000007c0000000, 0x00000007c0000000)
  eden space 463360K, 85% used [0x000000076b380000,0x0000000783574ab8,0x0000000787800000)
  from space 462848K, 0% used [0x0000000787800000,0x0000000787808000,0x00000007a3c00000)
  to   space 462848K, 0% used [0x00000007a3c00000,0x00000007a3c00000,0x00000007c0000000)
 ParOldGen       total 2722304K, used 1920732K [0x00000006c1a00000, 0x0000000767c80000, 0x000000076b380000)
  object space 2722304K, 70% used [0x00000006c1a00000,0x0000000736db7218,0x0000000767c80000)
 Metaspace       used 4117K, capacity 4638K, committed 4864K, reserved 1056768K
  class space    used 440K, capacity 462K, committed 512K, reserved 1048576K
Event: 159.642 GC heap after
Heap after GC invocations=120 (full 14):
 PSYoungGen      total 926208K, used 81575K [0x000000076b380000, 0x00000007c0000000, 0x00000007c0000000)
  eden space 463360K, 0% used [0x000000076b380000,0x000000076b380000,0x0000000787800000)
  from space 462848K, 17% used [0x00000007a3c00000,0x00000007a8ba9ff8,0x00000007c0000000)
  to   space 462848K, 0% used [0x0000000787800000,0x0000000787800000,0x00000007a3c00000)
 ParOldGen       total 2722304K, used 1920732K [0x00000006c1a00000, 0x0000000767c80000, 0x000000076b380000)
  object space 2722304K, 70% used [0x00000006c1a00000,0x0000000736db7218,0x0000000767c80000)
 Metaspace       used 4117K, capacity 4638K, committed 4864K, reserved 1056768K
  class space    used 440K, capacity 462K, committed 512K, reserved 1048576K
}
Event: 159.739 GC heap before
{Heap before GC invocations=121 (full 14):
 PSYoungGen      total 926208K, used 525291K [0x000000076b380000, 0x00000007c0000000, 0x00000007c0000000)
  eden space 463360K, 95% used [0x000000076b380000,0x00000007864d0ee8,0x0000000787800000)
  from space 462848K, 17% used [0x00000007a3c00000,0x00000007a8ba9ff8,0x00000007c0000000)
  to   space 462848K, 0% used [0x0000000787800000,0x0000000787800000,0x00000007a3c00000)
 ParOldGen       total 2722304K, used 1920732K [0x00000006c1a00000, 0x0000000767c80000, 0x000000076b380000)
  object space 2722304K, 70% used [0x00000006c1a00000,0x0000000736db7218,0x0000000767c80000)
 Metaspace       used 4117K, capacity 4638K, committed 4864K, reserved 1056768K
  class space    used 440K, capacity 462K, committed 512K, reserved 1048576K
Event: 159.838 GC heap after
Heap after GC invocations=121 (full 14):
 PSYoungGen      total 926208K, used 322080K [0x000000076b380000, 0x00000007c0000000, 0x00000007c0000000)
  eden space 463360K, 0% used [0x000000076b380000,0x000000076b380000,0x0000000787800000)
  from space 462848K, 69% used [0x0000000787800000,0x000000079b2881f8,0x00000007a3c00000)
  to   space 462848K, 0% used [0x00000007a3c00000,0x00000007a3c00000,0x00000007c0000000)
 ParOldGen       total 2722304K, used 1920740K [0x00000006c1a00000, 0x0000000767c80000, 0x000000076b380000)
  object space 2722304K, 70% used [0x00000006c1a00000,0x0000000736db9218,0x0000000767c80000)
 Metaspace       used 4117K, capacity 4638K, committed 4864K, reserved 1056768K
  class space    used 440K, capacity 462K, committed 512K, reserved 1048576K
}
Event: 160.058 GC heap before
{Heap before GC invocations=122 (full 14):
 PSYoungGen      total 926208K, used 785440K [0x000000076b380000, 0x00000007c0000000, 0x00000007c0000000)
  eden space 463360K, 100% used [0x000000076b380000,0x0000000787800000,0x0000000787800000)
  from space 462848K, 69% used [0x0000000787800000,0x000000079b2881f8,0x00000007a3c00000)
  to   space 462848K, 0% used [0x00000007a3c00000,0x00000007a3c00000,0x00000007c0000000)
 ParOldGen       total 2722304K, used 1920740K [0x00000006c1a00000, 0x0000000767c80000, 0x000000076b380000)
  object space 2722304K, 70% used [0x00000006c1a00000,0x0000000736db9218,0x0000000767c80000)
 Metaspace       used 4117K, capacity 4638K, committed 4864K, reserved 1056768K
  class space    used 440K, capacity 462K, committed 512K, reserved 1048576K
Event: 160.197 GC heap after
Heap after GC invocations=122 (full 14):
 PSYoungGen      total 926208K, used 193007K [0x000000076b380000, 0x00000007c0000000, 0x00000007c0000000)
  eden space 463360K, 0% used [0x000000076b380000,0x000000076b380000,0x0000000787800000)
  from space 462848K, 41% used [0x00000007a3c00000,0x00000007af87be00,0x00000007c0000000)
  to   space 462848K, 0% used [0x0000000787800000,0x0000000787800000,0x00000007a3c00000)
 ParOldGen       total 2722304K, used 1920740K [0x00000006c1a00000, 0x0000000767c80000, 0x000000076b380000)
  object space 2722304K, 70% used [0x00000006c1a00000,0x0000000736db9218,0x0000000767c80000)
 Metaspace       used 4117K, capacity 4638K, committed 4864K, reserved 1056768K
  class space    used 440K, capacity 462K, committed 512K, reserved 1048576K
}

