# JRE version: Java(TM) SE Runtime Environment (8.0_181-b13) (build 1.8.0_181-b13)
# Java VM: Java HotSpot(TM) 64-Bit Server VM (25.181-b13 mixed mode windows-amd64 compressed oops)
Heap:
 PSYoungGen      total 536064K, used 378400K [0x000000076b380000, 0x00000007af780000, 0x00000007c0000000)
  eden space 301056K, 47% used [0x000000076b380000,0x0000000773f8ad70,0x000000077d980000)
  from space 235008K, 99% used [0x0000000792e80000,0x00000007a13fd658,0x00000007a1400000)
  to   space 349184K, 0% used [0x000000077d980000,0x000000077d980000,0x0000000792e80000)
 ParOldGen       total 1991680K, used 1747534K [0x00000006c1a00000, 0x000000073b300000, 0x000000076b380000)
  object space 1991680K, 87% used [0x00000006c1a00000,0x000000072c493990,0x000000073b300000)
 Metaspace       used 4085K, capacity 4636K, committed 4864K, reserved 1056768K
  class space    used 439K, capacity 460K, committed 512K, reserved 1048576K
GC Heap History (10 events):
Event: 13.238 GC heap before
{Heap before GC invocations=26 (full 4):
 PSYoungGen      total 557568K, used 440810K [0x000000076b380000, 0x000000079dc80000, 0x00000007c0000000)
  eden space 308736K, 100% used [0x000000076b380000,0x000000077e100000,0x000000077e100000)
  from space 248832K, 53% used [0x000000077e100000,0x00000007861fa8c0,0x000000078d400000)
  to   space 239104K, 0% used [0x000000078f300000,0x000000078f300000,0x000000079dc80000)
 ParOldGen       total 1991680K, used 1502974K [0x00000006c1a00000, 0x000000073b300000, 0x000000076b380000)
  object space 1991680K, 75% used [0x00000006c1a00000,0x000000071d5bf998,0x000000073b300000)
 Metaspace       used 4046K, capacity 4636K, committed 4864K, reserved 1056768K
  class space    used 435K, capacity 460K, committed 512K, reserved 1048576K
Event: 13.309 GC heap after
Heap after GC invocations=26 (full 4):
 PSYoungGen      total 569856K, used 132074K [0x000000076b380000, 0x000000079ca80000, 0x00000007c0000000)
  eden space 349184K, 0% used [0x000000076b380000,0x000000076b380000,0x0000000780880000)
  from space 220672K, 59% used [0x000000078f300000,0x00000007973fa8c0,0x000000079ca80000)
  to   space 230400K, 0% used [0x0000000780880000,0x0000000780880000,0x000000078e980000)
 ParOldGen       total 1991680K, used 1502974K [0x00000006c1a00000, 0x000000073b300000, 0x000000076b380000)
  object space 1991680K, 75% used [0x00000006c1a00000,0x000000071d5bf998,0x000000073b300000)
 Metaspace       used 4046K, capacity 4636K, committed 4864K, reserved 1056768K
  class space    used 435K, capacity 460K, committed 512K, reserved 1048576K
}
Event: 13.557 GC heap before
{Heap before GC invocations=27 (full 4):
 PSYoungGen      total 569856K, used 481258K [0x000000076b380000, 0x000000079ca80000, 0x00000007c0000000)
  eden space 349184K, 100% used [0x000000076b380000,0x0000000780880000,0x0000000780880000)
  from space 220672K, 59% used [0x000000078f300000,0x00000007973fa8c0,0x000000079ca80000)
  to   space 230400K, 0% used [0x0000000780880000,0x0000000780880000,0x000000078e980000)
 ParOldGen       total 1991680K, used 1502974K [0x00000006c1a00000, 0x000000073b300000, 0x000000076b380000)
  object space 1991680K, 75% used [0x00000006c1a00000,0x000000071d5bf998,0x000000073b300000)
 Metaspace       used 4046K, capacity 4636K, committed 4864K, reserved 1056768K
  class space    used 435K, capacity 460K, committed 512K, reserved 1048576K
Event: 13.628 GC heap after
Heap after GC invocations=27 (full 4):
 PSYoungGen      total 579584K, used 132042K [0x000000076b380000, 0x000000079e600000, 0x00000007c0000000)
  eden space 349184K, 0% used [0x000000076b380000,0x000000076b380000,0x0000000780880000)
  from space 230400K, 57% used [0x0000000780880000,0x00000007889728c0,0x000000078e980000)
  to   space 222720K, 0% used [0x0000000790c80000,0x0000000790c80000,0x000000079e600000)
 ParOldGen       total 1991680K, used 1502974K [0x00000006c1a00000, 0x000000073b300000, 0x000000076b380000)
  object space 1991680K, 75% used [0x00000006c1a00000,0x000000071d5bf998,0x000000073b300000)
 Metaspace       used 4046K, capacity 4636K, committed 4864K, reserved 1056768K
  class space    used 435K, capacity 460K, committed 512K, reserved 1048576K
}
Event: 13.877 GC heap before
{Heap before GC invocations=28 (full 4):
 PSYoungGen      total 579584K, used 463623K [0x000000076b380000, 0x000000079e600000, 0x00000007c0000000)
  eden space 349184K, 94% used [0x000000076b380000,0x000000077f74f400,0x0000000780880000)
  from space 230400K, 57% used [0x0000000780880000,0x00000007889728c0,0x000000078e980000)
  to   space 222720K, 0% used [0x0000000790c80000,0x0000000790c80000,0x000000079e600000)
 ParOldGen       total 1991680K, used 1502974K [0x00000006c1a00000, 0x000000073b300000, 0x000000076b380000)
  object space 1991680K, 75% used [0x00000006c1a00000,0x000000071d5bf998,0x000000073b300000)
 Metaspace       used 4048K, capacity 4636K, committed 4864K, reserved 1056768K
  class space    used 435K, capacity 460K, committed 512K, reserved 1048576K
Event: 13.940 GC heap after
Heap after GC invocations=28 (full 4):
 PSYoungGen      total 598528K, used 207061K [0x000000076b380000, 0x00000007a0500000, 0x00000007c0000000)
  eden space 375808K, 0% used [0x000000076b380000,0x000000076b380000,0x0000000782280000)
  from space 222720K, 92% used [0x0000000790c80000,0x000000079d6b5480,0x000000079e600000)
  to   space 239616K, 0% used [0x0000000782280000,0x0000000782280000,0x0000000790c80000)
 ParOldGen       total 1991680K, used 1502974K [0x00000006c1a00000, 0x000000073b300000, 0x000000076b380000)
  object space 1991680K, 75% used [0x00000006c1a00000,0x000000071d5bf998,0x000000073b300000)
 Metaspace       used 4048K, capacity 4636K, committed 4864K, reserved 1056768K
  class space    used 435K, capacity 460K, committed 512K, reserved 1048576K
}
Event: 14.002 GC heap before
{Heap before GC invocations=29 (full 4):
 PSYoungGen      total 598528K, used 508649K [0x000000076b380000, 0x00000007a0500000, 0x00000007c0000000)
  eden space 375808K, 80% used [0x000000076b380000,0x000000077da052c8,0x0000000782280000)
  from space 222720K, 92% used [0x0000000790c80000,0x000000079d6b5480,0x000000079e600000)
  to   space 239616K, 0% used [0x0000000782280000,0x0000000782280000,0x0000000790c80000)
 ParOldGen       total 1991680K, used 1502974K [0x00000006c1a00000, 0x000000073b300000, 0x000000076b380000)
  object space 1991680K, 75% used [0x00000006c1a00000,0x000000071d5bf998,0x000000073b300000)
 Metaspace       used 4048K, capacity 4636K, committed 4864K, reserved 1056768K
  class space    used 435K, capacity 460K, committed 512K, reserved 1048576K
Event: 14.067 GC heap after
Heap after GC invocations=29 (full 4):
 PSYoungGen      total 615424K, used 157469K [0x000000076b380000, 0x00000007a1400000, 0x00000007c0000000)
  eden space 375808K, 0% used [0x000000076b380000,0x000000076b380000,0x0000000782280000)
  from space 239616K, 65% used [0x0000000782280000,0x000000078bc47458,0x0000000790c80000)
  to   space 235008K, 0% used [0x0000000792e80000,0x0000000792e80000,0x00000007a1400000)
 ParOldGen       total 1991680K, used 1502974K [0x00000006c1a00000, 0x000000073b300000, 0x000000076b380000)
  object space 1991680K, 75% used [0x00000006c1a00000,0x000000071d5bf998,0x000000073b300000)
 Metaspace       used 4048K, capacity 4636K, committed 4864K, reserved 1056768K
  class space    used 435K, capacity 460K, committed 512K, reserved 1048576K
}
Event: 14.176 GC heap before
{Heap before GC invocations=30 (full 4):
 PSYoungGen      total 615424K, used 512954K [0x000000076b380000, 0x00000007a1400000, 0x00000007c0000000)
  eden space 375808K, 94% used [0x000000076b380000,0x0000000780ea76d0,0x0000000782280000)
  from space 239616K, 65% used [0x0000000782280000,0x000000078bc47458,0x0000000790c80000)
  to   space 235008K, 0% used [0x0000000792e80000,0x0000000792e80000,0x00000007a1400000)
 ParOldGen       total 1991680K, used 1502974K [0x00000006c1a00000, 0x000000073b300000, 0x000000076b380000)
  object space 1991680K, 75% used [0x00000006c1a00000,0x000000071d5bf998,0x000000073b300000)
 Metaspace       used 4048K, capacity 4636K, committed 4864K, reserved 1056768K
  class space    used 435K, capacity 460K, committed 512K, reserved 1048576K
Event: 14.332 GC heap after
Heap after GC invocations=30 (full 4):
 PSYoungGen      total 536064K, used 234997K [0x000000076b380000, 0x00000007af780000, 0x00000007c0000000)
  eden space 301056K, 0% used [0x000000076b380000,0x000000076b380000,0x000000077d980000)
  from space 235008K, 99% used [0x0000000792e80000,0x00000007a13fd658,0x00000007a1400000)
  to   space 349184K, 0% used [0x000000077d980000,0x000000077d980000,0x0000000792e80000)
 ParOldGen       total 1991680K, used 1747534K [0x00000006c1a00000, 0x000000073b300000, 0x000000076b380000)
  object space 1991680K, 87% used [0x00000006c1a00000,0x000000072c493990,0x000000073b300000)
 Metaspace       used 4048K, capacity 4636K, committed 4864K, reserved 1056768K
  class space    used 435K, capacity 460K, committed 512K, reserved 1048576K
}

