# JRE version: Java(TM) SE Runtime Environment (8.0_181-b13) (build 1.8.0_181-b13)
# Java VM: Java HotSpot(TM) 64-Bit Server VM (25.181-b13 mixed mode windows-amd64 compressed oops)
Heap:
 PSYoungGen      total 926208K, used 544627K [0x000000076b380000, 0x00000007c0000000, 0x00000007c0000000)
  eden space 463360K, 48% used [0x000000076b380000,0x0000000778cdcbf0,0x0000000787800000)
  from space 462848K, 69% used [0x00000007a3c00000,0x00000007b76801f8,0x00000007c0000000)
  to   space 462848K, 0% used [0x0000000787800000,0x0000000787800000,0x00000007a3c00000)
 ParOldGen       total 2778624K, used 987601K [0x00000006c1a00000, 0x000000076b380000, 0x000000076b380000)
  object space 2778624K, 35% used [0x00000006c1a00000,0x00000006fde74718,0x000000076b380000)
 Metaspace       used 4103K, capacity 4638K, committed 4864K, reserved 1056768K
  class space    used 440K, capacity 462K, committed 512K, reserved 1048576K
GC Heap History (10 events):
Event: 129.421 GC heap before
{Heap before GC invocations=91 (full 15):
 PSYoungGen      total 926208K, used 463456K [0x000000076b380000, 0x00000007c0000000, 0x00000007c0000000)
  eden space 463360K, 100% used [0x000000076b380000,0x0000000787800000,0x0000000787800000)
  from space 462848K, 0% used [0x0000000787800000,0x0000000787818000,0x00000007a3c00000)
  to   space 462848K, 0% used [0x00000007a3c00000,0x00000007a3c00000,0x00000007c0000000)
 ParOldGen       total 2778624K, used 987593K [0x00000006c1a00000, 0x000000076b380000, 0x000000076b380000)
  object space 2778624K, 35% used [0x00000006c1a00000,0x00000006fde72718,0x000000076b380000)
 Metaspace       used 4103K, capacity 4638K, committed 4864K, reserved 1056768K
  class space    used 440K, capacity 462K, committed 512K, reserved 1048576K
Event: 129.423 GC heap after
Heap after GC invocations=91 (full 15):
 PSYoungGen      total 926208K, used 32K [0x000000076b380000, 0x00000007c0000000, 0x00000007c0000000)
  eden space 463360K, 0% used [0x000000076b380000,0x000000076b380000,0x0000000787800000)
  from space 462848K, 0% used [0x00000007a3c00000,0x00000007a3c08000,0x00000007c0000000)
  to   space 462848K, 0% used [0x0000000787800000,0x0000000787800000,0x00000007a3c00000)
 ParOldGen       total 2778624K, used 987593K [0x00000006c1a00000, 0x000000076b380000, 0x000000076b380000)
  object space 2778624K, 35% used [0x00000006c1a00000,0x00000006fde72718,0x000000076b380000)
 Metaspace       used 4103K, capacity 4638K, committed 4864K, reserved 1056768K
  class space    used 440K, capacity 462K, committed 512K, reserved 1048576K
}
Event: 129.721 GC heap before
{Heap before GC invocations=92 (full 15):
 PSYoungGen      total 926208K, used 463392K [0x000000076b380000, 0x00000007c0000000, 0x00000007c0000000)
  eden space 463360K, 100% used [0x000000076b380000,0x0000000787800000,0x0000000787800000)
  from space 462848K, 0% used [0x00000007a3c00000,0x00000007a3c08000,0x00000007c0000000)
  to   space 462848K, 0% used [0x0000000787800000,0x0000000787800000,0x00000007a3c00000)
 ParOldGen       total 2778624K, used 987593K [0x00000006c1a00000, 0x000000076b380000, 0x000000076b380000)
  object space 2778624K, 35% used [0x00000006c1a00000,0x00000006fde72718,0x000000076b380000)
 Metaspace       used 4103K, capacity 4638K, committed 4864K, reserved 1056768K
  class space    used 440K, capacity 462K, committed 512K, reserved 1048576K
Event: 129.722 GC heap after
Heap after GC invocations=92 (full 15):
 PSYoungGen      total 926208K, used 32K [0x000000076b380000, 0x00000007c0000000, 0x00000007c0000000)
  eden space 463360K, 0% used [0x000000076b380000,0x000000076b380000,0x0000000787800000)
  from space 462848K, 0% used [0x0000000787800000,0x0000000787808000,0x00000007a3c00000)
  to   space 462848K, 0% used [0x00000007a3c00000,0x00000007a3c00000,0x00000007c0000000)
 ParOldGen       total 2778624K, used 987593K [0x00000006c1a00000, 0x000000076b380000, 0x000000076b380000)
  object space 2778624K, 35% used [0x00000006c1a00000,0x00000006fde72718,0x000000076b380000)
 Metaspace       used 4103K, capacity 4638K, committed 4864K, reserved 1056768K
  class space    used 440K, capacity 462K, committed 512K, reserved 1048576K
}
Event: 130.018 GC heap before
{Heap before GC invocations=93 (full 15):
 PSYoungGen      total 926208K, used 463392K [0x000000076b380000, 0x00000007c0000000, 0x00000007c0000000)
  eden space 463360K, 100% used [0x000000076b380000,0x0000000787800000,0x0000000787800000)
  from space 462848K, 0% used [0x0000000787800000,0x0000000787808000,0x00000007a3c00000)
  to   space 462848K, 0% used [0x00000007a3c00000,0x00000007a3c00000,0x00000007c0000000)
 ParOldGen       total 2778624K, used 987593K [0x00000006c1a00000, 0x000000076b380000, 0x000000076b380000)
  object space 2778624K, 35% used [0x00000006c1a00000,0x00000006fde72718,0x000000076b380000)
 Metaspace       used 4103K, capacity 4638K, committed 4864K, reserved 1056768K
  class space    used 440K, capacity 462K, committed 512K, reserved 1048576K
Event: 130.020 GC heap after
Heap after GC invocations=93 (full 15):
 PSYoungGen      total 926208K, used 32K [0x000000076b380000, 0x00000007c0000000, 0x00000007c0000000)
  eden space 463360K, 0% used [0x000000076b380000,0x000000076b380000,0x0000000787800000)
  from space 462848K, 0% used [0x00000007a3c00000,0x00000007a3c08000,0x00000007c0000000)
  to   space 462848K, 0% used [0x0000000787800000,0x0000000787800000,0x00000007a3c00000)
 ParOldGen       total 2778624K, used 987593K [0x00000006c1a00000, 0x000000076b380000, 0x000000076b380000)
  object space 2778624K, 35% used [0x00000006c1a00000,0x00000006fde72718,0x000000076b380000)
 Metaspace       used 4103K, capacity 4638K, committed 4864K, reserved 1056768K
  class space    used 440K, capacity 462K, committed 512K, reserved 1048576K
}
Event: 130.188 GC heap before
{Heap before GC invocations=94 (full 15):
 PSYoungGen      total 926208K, used 391158K [0x000000076b380000, 0x00000007c0000000, 0x00000007c0000000)
  eden space 463360K, 84% used [0x000000076b380000,0x0000000783175a68,0x0000000787800000)
  from space 462848K, 0% used [0x00000007a3c00000,0x00000007a3c08000,0x00000007c0000000)
  to   space 462848K, 0% used [0x0000000787800000,0x0000000787800000,0x00000007a3c00000)
 ParOldGen       total 2778624K, used 987593K [0x00000006c1a00000, 0x000000076b380000, 0x000000076b380000)
  object space 2778624K, 35% used [0x00000006c1a00000,0x00000006fde72718,0x000000076b380000)
 Metaspace       used 4103K, capacity 4638K, committed 4864K, reserved 1056768K
  class space    used 440K, capacity 462K, committed 512K, reserved 1048576K
Event: 130.201 GC heap after
Heap after GC invocations=94 (full 15):
 PSYoungGen      total 926208K, used 81607K [0x000000076b380000, 0x00000007c0000000, 0x00000007c0000000)
  eden space 463360K, 0% used [0x000000076b380000,0x000000076b380000,0x0000000787800000)
  from space 462848K, 17% used [0x0000000787800000,0x000000078c7b1ff8,0x00000007a3c00000)
  to   space 462848K, 0% used [0x00000007a3c00000,0x00000007a3c00000,0x00000007c0000000)
 ParOldGen       total 2778624K, used 987593K [0x00000006c1a00000, 0x000000076b380000, 0x000000076b380000)
  object space 2778624K, 35% used [0x00000006c1a00000,0x00000006fde72718,0x000000076b380000)
 Metaspace       used 4103K, capacity 4638K, committed 4864K, reserved 1056768K
  class space    used 440K, capacity 462K, committed 512K, reserved 1048576K
}
Event: 130.295 GC heap before
{Heap before GC invocations=95 (full 15):
 PSYoungGen      total 926208K, used 525267K [0x000000076b380000, 0x00000007c0000000, 0x00000007c0000000)
  eden space 463360K, 95% used [0x000000076b380000,0x00000007864c2f08,0x0000000787800000)
  from space 462848K, 17% used [0x0000000787800000,0x000000078c7b1ff8,0x00000007a3c00000)
  to   space 462848K, 0% used [0x00000007a3c00000,0x00000007a3c00000,0x00000007c0000000)
 ParOldGen       total 2778624K, used 987593K [0x00000006c1a00000, 0x000000076b380000, 0x000000076b380000)
  object space 2778624K, 35% used [0x00000006c1a00000,0x00000006fde72718,0x000000076b380000)
 Metaspace       used 4103K, capacity 4638K, committed 4864K, reserved 1056768K
  class space    used 440K, capacity 462K, committed 512K, reserved 1048576K
Event: 130.397 GC heap after
Heap after GC invocations=95 (full 15):
 PSYoungGen      total 926208K, used 322048K [0x000000076b380000, 0x00000007c0000000, 0x00000007c0000000)
  eden space 463360K, 0% used [0x000000076b380000,0x000000076b380000,0x0000000787800000)
  from space 462848K, 69% used [0x00000007a3c00000,0x00000007b76801f8,0x00000007c0000000)
  to   space 462848K, 0% used [0x0000000787800000,0x0000000787800000,0x00000007a3c00000)
 ParOldGen       total 2778624K, used 987601K [0x00000006c1a00000, 0x000000076b380000, 0x000000076b380000)
  object space 2778624K, 35% used [0x00000006c1a00000,0x00000006fde74718,0x000000076b380000)
 Metaspace       used 4103K, capacity 4638K, committed 4864K, reserved 1056768K
  class space    used 440K, capacity 462K, committed 512K, reserved 1048576K
}

