# JRE version: Java(TM) SE Runtime Environment (8.0_181-b13) (build 1.8.0_181-b13)
# Java VM: Java HotSpot(TM) 64-Bit Server VM (25.181-b13 mixed mode windows-amd64 compressed oops)
Heap:
 PSYoungGen      total 926208K, used 599762K [0x000000076b380000, 0x00000007c0000000, 0x00000007c0000000)
  eden space 463360K, 98% used [0x000000076b380000,0x00000007873255c8,0x0000000787800000)
  from space 462848K, 30% used [0x00000007a3c00000,0x00000007ac60f490,0x00000007c0000000)
  to   space 462848K, 0% used [0x0000000787800000,0x0000000787800000,0x00000007a3c00000)
 ParOldGen       total 2778624K, used 1357849K [0x00000006c1a00000, 0x000000076b380000, 0x000000076b380000)
  object space 2778624K, 48% used [0x00000006c1a00000,0x0000000714806480,0x000000076b380000)
 Metaspace       used 4167K, capacity 4638K, committed 4864K, reserved 1056768K
  class space    used 440K, capacity 462K, committed 512K, reserved 1048576K
GC Heap History (10 events):
Event: 170.859 GC heap before
{Heap before GC invocations=126 (full 14):
 PSYoungGen      total 926208K, used 463360K [0x000000076b380000, 0x00000007c0000000, 0x00000007c0000000)
  eden space 463360K, 100% used [0x000000076b380000,0x0000000787800000,0x0000000787800000)
  from space 462848K, 0% used [0x0000000787800000,0x0000000787800000,0x00000007a3c00000)
  to   space 462848K, 0% used [0x00000007a3c00000,0x00000007a3c00000,0x00000007c0000000)
 ParOldGen       total 2778624K, used 1357841K [0x00000006c1a00000, 0x000000076b380000, 0x000000076b380000)
  object space 2778624K, 48% used [0x00000006c1a00000,0x0000000714804480,0x000000076b380000)
 Metaspace       used 4167K, capacity 4638K, committed 4864K, reserved 1056768K
  class space    used 440K, capacity 462K, committed 512K, reserved 1048576K
Event: 170.864 GC heap after
Heap after GC invocations=126 (full 14):
 PSYoungGen      total 926208K, used 32K [0x000000076b380000, 0x00000007c0000000, 0x00000007c0000000)
  eden space 463360K, 0% used [0x000000076b380000,0x000000076b380000,0x0000000787800000)
  from space 462848K, 0% used [0x00000007a3c00000,0x00000007a3c08000,0x00000007c0000000)
  to   space 462848K, 0% used [0x0000000787800000,0x0000000787800000,0x00000007a3c00000)
 ParOldGen       total 2778624K, used 1357841K [0x00000006c1a00000, 0x000000076b380000, 0x000000076b380000)
  object space 2778624K, 48% used [0x00000006c1a00000,0x0000000714804480,0x000000076b380000)
 Metaspace       used 4167K, capacity 4638K, committed 4864K, reserved 1056768K
  class space    used 440K, capacity 462K, committed 512K, reserved 1048576K
}
Event: 171.177 GC heap before
{Heap before GC invocations=127 (full 14):
 PSYoungGen      total 926208K, used 463392K [0x000000076b380000, 0x00000007c0000000, 0x00000007c0000000)
  eden space 463360K, 100% used [0x000000076b380000,0x0000000787800000,0x0000000787800000)
  from space 462848K, 0% used [0x00000007a3c00000,0x00000007a3c08000,0x00000007c0000000)
  to   space 462848K, 0% used [0x0000000787800000,0x0000000787800000,0x00000007a3c00000)
 ParOldGen       total 2778624K, used 1357841K [0x00000006c1a00000, 0x000000076b380000, 0x000000076b380000)
  object space 2778624K, 48% used [0x00000006c1a00000,0x0000000714804480,0x000000076b380000)
 Metaspace       used 4167K, capacity 4638K, committed 4864K, reserved 1056768K
  class space    used 440K, capacity 462K, committed 512K, reserved 1048576K
Event: 171.181 GC heap after
Heap after GC invocations=127 (full 14):
 PSYoungGen      total 926208K, used 32K [0x000000076b380000, 0x00000007c0000000, 0x00000007c0000000)
  eden space 463360K, 0% used [0x000000076b380000,0x000000076b380000,0x0000000787800000)
  from space 462848K, 0% used [0x0000000787800000,0x0000000787808000,0x00000007a3c00000)
  to   space 462848K, 0% used [0x00000007a3c00000,0x00000007a3c00000,0x00000007c0000000)
 ParOldGen       total 2778624K, used 1357841K [0x00000006c1a00000, 0x000000076b380000, 0x000000076b380000)
  object space 2778624K, 48% used [0x00000006c1a00000,0x0000000714804480,0x000000076b380000)
 Metaspace       used 4167K, capacity 4638K, committed 4864K, reserved 1056768K
  class space    used 440K, capacity 462K, committed 512K, reserved 1048576K
}
Event: 171.409 GC heap before
{Heap before GC invocations=128 (full 14):
 PSYoungGen      total 926208K, used 445492K [0x000000076b380000, 0x00000007c0000000, 0x00000007c0000000)
  eden space 463360K, 96% used [0x000000076b380000,0x00000007866853a0,0x0000000787800000)
  from space 462848K, 0% used [0x0000000787800000,0x0000000787808000,0x00000007a3c00000)
  to   space 462848K, 0% used [0x00000007a3c00000,0x00000007a3c00000,0x00000007c0000000)
 ParOldGen       total 2778624K, used 1357841K [0x00000006c1a00000, 0x000000076b380000, 0x000000076b380000)
  object space 2778624K, 48% used [0x00000006c1a00000,0x0000000714804480,0x000000076b380000)
 Metaspace       used 4167K, capacity 4638K, committed 4864K, reserved 1056768K
  class space    used 440K, capacity 462K, committed 512K, reserved 1048576K
Event: 171.427 GC heap after
Heap after GC invocations=128 (full 14):
 PSYoungGen      total 926208K, used 131280K [0x000000076b380000, 0x00000007c0000000, 0x00000007c0000000)
  eden space 463360K, 0% used [0x000000076b380000,0x000000076b380000,0x0000000787800000)
  from space 462848K, 28% used [0x00000007a3c00000,0x00000007abc34020,0x00000007c0000000)
  to   space 462848K, 0% used [0x0000000787800000,0x0000000787800000,0x00000007a3c00000)
 ParOldGen       total 2778624K, used 1357841K [0x00000006c1a00000, 0x000000076b380000, 0x000000076b380000)
  object space 2778624K, 48% used [0x00000006c1a00000,0x0000000714804480,0x000000076b380000)
 Metaspace       used 4167K, capacity 4638K, committed 4864K, reserved 1056768K
  class space    used 440K, capacity 462K, committed 512K, reserved 1048576K
}
Event: 171.518 GC heap before
{Heap before GC invocations=129 (full 14):
 PSYoungGen      total 926208K, used 594640K [0x000000076b380000, 0x00000007c0000000, 0x00000007c0000000)
  eden space 463360K, 100% used [0x000000076b380000,0x0000000787800000,0x0000000787800000)
  from space 462848K, 28% used [0x00000007a3c00000,0x00000007abc34020,0x00000007c0000000)
  to   space 462848K, 0% used [0x0000000787800000,0x0000000787800000,0x00000007a3c00000)
 ParOldGen       total 2778624K, used 1357841K [0x00000006c1a00000, 0x000000076b380000, 0x000000076b380000)
  object space 2778624K, 48% used [0x00000006c1a00000,0x0000000714804480,0x000000076b380000)
 Metaspace       used 4167K, capacity 4638K, committed 4864K, reserved 1056768K
  class space    used 440K, capacity 462K, committed 512K, reserved 1048576K
Event: 171.601 GC heap after
Heap after GC invocations=129 (full 14):
 PSYoungGen      total 926208K, used 350056K [0x000000076b380000, 0x00000007c0000000, 0x00000007c0000000)
  eden space 463360K, 0% used [0x000000076b380000,0x000000076b380000,0x0000000787800000)
  from space 462848K, 75% used [0x0000000787800000,0x000000079cdda1f0,0x00000007a3c00000)
  to   space 462848K, 0% used [0x00000007a3c00000,0x00000007a3c00000,0x00000007c0000000)
 ParOldGen       total 2778624K, used 1357849K [0x00000006c1a00000, 0x000000076b380000, 0x000000076b380000)
  object space 2778624K, 48% used [0x00000006c1a00000,0x0000000714806480,0x000000076b380000)
 Metaspace       used 4167K, capacity 4638K, committed 4864K, reserved 1056768K
  class space    used 440K, capacity 462K, committed 512K, reserved 1048576K
}
Event: 171.826 GC heap before
{Heap before GC invocations=130 (full 14):
 PSYoungGen      total 926208K, used 792239K [0x000000076b380000, 0x00000007c0000000, 0x00000007c0000000)
  eden space 463360K, 95% used [0x000000076b380000,0x0000000786351cc8,0x0000000787800000)
  from space 462848K, 75% used [0x0000000787800000,0x000000079cdda1f0,0x00000007a3c00000)
  to   space 462848K, 0% used [0x00000007a3c00000,0x00000007a3c00000,0x00000007c0000000)
 ParOldGen       total 2778624K, used 1357849K [0x00000006c1a00000, 0x000000076b380000, 0x000000076b380000)
  object space 2778624K, 48% used [0x00000006c1a00000,0x0000000714806480,0x000000076b380000)
 Metaspace       used 4167K, capacity 4638K, committed 4864K, reserved 1056768K
  class space    used 440K, capacity 462K, committed 512K, reserved 1048576K
Event: 171.921 GC heap after
Heap after GC invocations=130 (full 14):
 PSYoungGen      total 926208K, used 141373K [0x000000076b380000, 0x00000007c0000000, 0x00000007c0000000)
  eden space 463360K, 0% used [0x000000076b380000,0x000000076b380000,0x0000000787800000)
  from space 462848K, 30% used [0x00000007a3c00000,0x00000007ac60f490,0x00000007c0000000)
  to   space 462848K, 0% used [0x0000000787800000,0x0000000787800000,0x00000007a3c00000)
 ParOldGen       total 2778624K, used 1357849K [0x00000006c1a00000, 0x000000076b380000, 0x000000076b380000)
  object space 2778624K, 48% used [0x00000006c1a00000,0x0000000714806480,0x000000076b380000)
 Metaspace       used 4167K, capacity 4638K, committed 4864K, reserved 1056768K
  class space    used 440K, capacity 462K, committed 512K, reserved 1048576K
}

