# JRE version: Java(TM) SE Runtime Environment (8.0_181-b13) (build 1.8.0_181-b13)
# Java VM: Java HotSpot(TM) 64-Bit Server VM (25.181-b13 mixed mode windows-amd64 compressed oops)
Heap:
 PSYoungGen      total 926208K, used 546681K [0x000000076b380000, 0x00000007c0000000, 0x00000007c0000000)
  eden space 463360K, 60% used [0x000000076b380000,0x000000077c30e3e8,0x0000000787800000)
  from space 462848K, 58% used [0x00000007a3c00000,0x00000007b42501f8,0x00000007c0000000)
  to   space 462848K, 0% used [0x0000000787800000,0x0000000787800000,0x00000007a3c00000)
 ParOldGen       total 2778624K, used 1359371K [0x00000006c1a00000, 0x000000076b380000, 0x000000076b380000)
  object space 2778624K, 48% used [0x00000006c1a00000,0x0000000714982dc0,0x000000076b380000)
 Metaspace       used 4106K, capacity 4638K, committed 4864K, reserved 1056768K
  class space    used 440K, capacity 462K, committed 512K, reserved 1048576K
GC Heap History (10 events):
Event: 186.451 GC heap before
{Heap before GC invocations=121 (full 15):
 PSYoungGen      total 926208K, used 463424K [0x000000076b380000, 0x00000007c0000000, 0x00000007c0000000)
  eden space 463360K, 100% used [0x000000076b380000,0x0000000787800000,0x0000000787800000)
  from space 462848K, 0% used [0x0000000787800000,0x0000000787810000,0x00000007a3c00000)
  to   space 462848K, 0% used [0x00000007a3c00000,0x00000007a3c00000,0x00000007c0000000)
 ParOldGen       total 2778624K, used 1359363K [0x00000006c1a00000, 0x000000076b380000, 0x000000076b380000)
  object space 2778624K, 48% used [0x00000006c1a00000,0x0000000714980dc0,0x000000076b380000)
 Metaspace       used 4104K, capacity 4638K, committed 4864K, reserved 1056768K
  class space    used 440K, capacity 462K, committed 512K, reserved 1048576K
Event: 186.456 GC heap after
Heap after GC invocations=121 (full 15):
 PSYoungGen      total 926208K, used 32K [0x000000076b380000, 0x00000007c0000000, 0x00000007c0000000)
  eden space 463360K, 0% used [0x000000076b380000,0x000000076b380000,0x0000000787800000)
  from space 462848K, 0% used [0x00000007a3c00000,0x00000007a3c08000,0x00000007c0000000)
  to   space 462848K, 0% used [0x0000000787800000,0x0000000787800000,0x00000007a3c00000)
 ParOldGen       total 2778624K, used 1359363K [0x00000006c1a00000, 0x000000076b380000, 0x000000076b380000)
  object space 2778624K, 48% used [0x00000006c1a00000,0x0000000714980dc0,0x000000076b380000)
 Metaspace       used 4104K, capacity 4638K, committed 4864K, reserved 1056768K
  class space    used 440K, capacity 462K, committed 512K, reserved 1048576K
}
Event: 186.775 GC heap before
{Heap before GC invocations=122 (full 15):
 PSYoungGen      total 926208K, used 463392K [0x000000076b380000, 0x00000007c0000000, 0x00000007c0000000)
  eden space 463360K, 100% used [0x000000076b380000,0x0000000787800000,0x0000000787800000)
  from space 462848K, 0% used [0x00000007a3c00000,0x00000007a3c08000,0x00000007c0000000)
  to   space 462848K, 0% used [0x0000000787800000,0x0000000787800000,0x00000007a3c00000)
 ParOldGen       total 2778624K, used 1359363K [0x00000006c1a00000, 0x000000076b380000, 0x000000076b380000)
  object space 2778624K, 48% used [0x00000006c1a00000,0x0000000714980dc0,0x000000076b380000)
 Metaspace       used 4104K, capacity 4638K, committed 4864K, reserved 1056768K
  class space    used 440K, capacity 462K, committed 512K, reserved 1048576K
Event: 186.780 GC heap after
Heap after GC invocations=122 (full 15):
 PSYoungGen      total 926208K, used 32K [0x000000076b380000, 0x00000007c0000000, 0x00000007c0000000)
  eden space 463360K, 0% used [0x000000076b380000,0x000000076b380000,0x0000000787800000)
  from space 462848K, 0% used [0x0000000787800000,0x0000000787808000,0x00000007a3c00000)
  to   space 462848K, 0% used [0x00000007a3c00000,0x00000007a3c00000,0x00000007c0000000)
 ParOldGen       total 2778624K, used 1359363K [0x00000006c1a00000, 0x000000076b380000, 0x000000076b380000)
  object space 2778624K, 48% used [0x00000006c1a00000,0x0000000714980dc0,0x000000076b380000)
 Metaspace       used 4104K, capacity 4638K, committed 4864K, reserved 1056768K
  class space    used 440K, capacity 462K, committed 512K, reserved 1048576K
}
Event: 187.086 GC heap before
{Heap before GC invocations=123 (full 15):
 PSYoungGen      total 926208K, used 463392K [0x000000076b380000, 0x00000007c0000000, 0x00000007c0000000)
  eden space 463360K, 100% used [0x000000076b380000,0x0000000787800000,0x0000000787800000)
  from space 462848K, 0% used [0x0000000787800000,0x0000000787808000,0x00000007a3c00000)
  to   space 462848K, 0% used [0x00000007a3c00000,0x00000007a3c00000,0x00000007c0000000)
 ParOldGen       total 2778624K, used 1359363K [0x00000006c1a00000, 0x000000076b380000, 0x000000076b380000)
  object space 2778624K, 48% used [0x00000006c1a00000,0x0000000714980dc0,0x000000076b380000)
 Metaspace       used 4104K, capacity 4638K, committed 4864K, reserved 1056768K
  class space    used 440K, capacity 462K, committed 512K, reserved 1048576K
Event: 187.090 GC heap after
Heap after GC invocations=123 (full 15):
 PSYoungGen      total 926208K, used 32K [0x000000076b380000, 0x00000007c0000000, 0x00000007c0000000)
  eden space 463360K, 0% used [0x000000076b380000,0x000000076b380000,0x0000000787800000)
  from space 462848K, 0% used [0x00000007a3c00000,0x00000007a3c08000,0x00000007c0000000)
  to   space 462848K, 0% used [0x0000000787800000,0x0000000787800000,0x00000007a3c00000)
 ParOldGen       total 2778624K, used 1359363K [0x00000006c1a00000, 0x000000076b380000, 0x000000076b380000)
  object space 2778624K, 48% used [0x00000006c1a00000,0x0000000714980dc0,0x000000076b380000)
 Metaspace       used 4104K, capacity 4638K, committed 4864K, reserved 1056768K
  class space    used 440K, capacity 462K, committed 512K, reserved 1048576K
}
Event: 187.300 GC heap before
{Heap before GC invocations=124 (full 15):
 PSYoungGen      total 926208K, used 424913K [0x000000076b380000, 0x00000007c0000000, 0x00000007c0000000)
  eden space 463360K, 91% used [0x000000076b380000,0x000000078526c748,0x0000000787800000)
  from space 462848K, 0% used [0x00000007a3c00000,0x00000007a3c08000,0x00000007c0000000)
  to   space 462848K, 0% used [0x0000000787800000,0x0000000787800000,0x00000007a3c00000)
 ParOldGen       total 2778624K, used 1359363K [0x00000006c1a00000, 0x000000076b380000, 0x000000076b380000)
  object space 2778624K, 48% used [0x00000006c1a00000,0x0000000714980dc0,0x000000076b380000)
 Metaspace       used 4104K, capacity 4638K, committed 4864K, reserved 1056768K
  class space    used 440K, capacity 462K, committed 512K, reserved 1048576K
Event: 187.317 GC heap after
Heap after GC invocations=124 (full 15):
 PSYoungGen      total 926208K, used 131296K [0x000000076b380000, 0x00000007c0000000, 0x00000007c0000000)
  eden space 463360K, 0% used [0x000000076b380000,0x000000076b380000,0x0000000787800000)
  from space 462848K, 28% used [0x0000000787800000,0x000000078f838010,0x00000007a3c00000)
  to   space 462848K, 0% used [0x00000007a3c00000,0x00000007a3c00000,0x00000007c0000000)
 ParOldGen       total 2778624K, used 1359363K [0x00000006c1a00000, 0x000000076b380000, 0x000000076b380000)
  object space 2778624K, 48% used [0x00000006c1a00000,0x0000000714980dc0,0x000000076b380000)
 Metaspace       used 4104K, capacity 4638K, committed 4864K, reserved 1056768K
  class space    used 440K, capacity 462K, committed 512K, reserved 1048576K
}
Event: 187.413 GC heap before
{Heap before GC invocations=125 (full 15):
 PSYoungGen      total 926208K, used 594656K [0x000000076b380000, 0x00000007c0000000, 0x00000007c0000000)
  eden space 463360K, 100% used [0x000000076b380000,0x0000000787800000,0x0000000787800000)
  from space 462848K, 28% used [0x0000000787800000,0x000000078f838010,0x00000007a3c00000)
  to   space 462848K, 0% used [0x00000007a3c00000,0x00000007a3c00000,0x00000007c0000000)
 ParOldGen       total 2778624K, used 1359363K [0x00000006c1a00000, 0x000000076b380000, 0x000000076b380000)
  object space 2778624K, 48% used [0x00000006c1a00000,0x0000000714980dc0,0x000000076b380000)
 Metaspace       used 4104K, capacity 4638K, committed 4864K, reserved 1056768K
  class space    used 440K, capacity 462K, committed 512K, reserved 1048576K
Event: 187.503 GC heap after
Heap after GC invocations=125 (full 15):
 PSYoungGen      total 926208K, used 268608K [0x000000076b380000, 0x00000007c0000000, 0x00000007c0000000)
  eden space 463360K, 0% used [0x000000076b380000,0x000000076b380000,0x0000000787800000)
  from space 462848K, 58% used [0x00000007a3c00000,0x00000007b42501f8,0x00000007c0000000)
  to   space 462848K, 0% used [0x0000000787800000,0x0000000787800000,0x00000007a3c00000)
 ParOldGen       total 2778624K, used 1359371K [0x00000006c1a00000, 0x000000076b380000, 0x000000076b380000)
  object space 2778624K, 48% used [0x00000006c1a00000,0x0000000714982dc0,0x000000076b380000)
 Metaspace       used 4104K, capacity 4638K, committed 4864K, reserved 1056768K
  class space    used 440K, capacity 462K, committed 512K, reserved 1048576K
}

