# JRE version: Java(TM) SE Runtime Environment (8.0_181-b13) (build 1.8.0_181-b13)
# Java VM: Java HotSpot(TM) 64-Bit Server VM (25.181-b13 mixed mode windows-amd64 compressed oops)
Heap:
 PSYoungGen      total 926208K, used 576017K [0x000000076b380000, 0x00000007c0000000, 0x00000007c0000000)
  eden space 463360K, 82% used [0x000000076b380000,0x0000000782988648,0x0000000787800000)
  from space 462848K, 41% used [0x0000000787800000,0x000000079347be00,0x00000007a3c00000)
  to   space 462848K, 0% used [0x00000007a3c00000,0x00000007a3c00000,0x00000007c0000000)
 ParOldGen       total 2643456K, used 1920716K [0x00000006c1a00000, 0x0000000762f80000, 0x000000076b380000)
  object space 2643456K, 72% used [0x00000006c1a00000,0x0000000736db3148,0x0000000762f80000)
 Metaspace       used 4117K, capacity 4638K, committed 4864K, reserved 1056768K
  class space    used 440K, capacity 462K, committed 512K, reserved 1048576K
GC Heap History (10 events):
Event: 164.004 GC heap before
{Heap before GC invocations=119 (full 14):
 PSYoungGen      total 926208K, used 463392K [0x000000076b380000, 0x00000007c0000000, 0x00000007c0000000)
  eden space 463360K, 100% used [0x000000076b380000,0x0000000787800000,0x0000000787800000)
  from space 462848K, 0% used [0x00000007a3c00000,0x00000007a3c08000,0x00000007c0000000)
  to   space 462848K, 0% used [0x0000000787800000,0x0000000787800000,0x00000007a3c00000)
 ParOldGen       total 2643456K, used 1920708K [0x00000006c1a00000, 0x0000000762f80000, 0x000000076b380000)
  object space 2643456K, 72% used [0x00000006c1a00000,0x0000000736db1148,0x0000000762f80000)
 Metaspace       used 4117K, capacity 4638K, committed 4864K, reserved 1056768K
  class space    used 440K, capacity 462K, committed 512K, reserved 1048576K
Event: 164.008 GC heap after
Heap after GC invocations=119 (full 14):
 PSYoungGen      total 926208K, used 64K [0x000000076b380000, 0x00000007c0000000, 0x00000007c0000000)
  eden space 463360K, 0% used [0x000000076b380000,0x000000076b380000,0x0000000787800000)
  from space 462848K, 0% used [0x0000000787800000,0x0000000787810000,0x00000007a3c00000)
  to   space 462848K, 0% used [0x00000007a3c00000,0x00000007a3c00000,0x00000007c0000000)
 ParOldGen       total 2643456K, used 1920708K [0x00000006c1a00000, 0x0000000762f80000, 0x000000076b380000)
  object space 2643456K, 72% used [0x00000006c1a00000,0x0000000736db1148,0x0000000762f80000)
 Metaspace       used 4117K, capacity 4638K, committed 4864K, reserved 1056768K
  class space    used 440K, capacity 462K, committed 512K, reserved 1048576K
}
Event: 164.319 GC heap before
{Heap before GC invocations=120 (full 14):
 PSYoungGen      total 926208K, used 463424K [0x000000076b380000, 0x00000007c0000000, 0x00000007c0000000)
  eden space 463360K, 100% used [0x000000076b380000,0x0000000787800000,0x0000000787800000)
  from space 462848K, 0% used [0x0000000787800000,0x0000000787810000,0x00000007a3c00000)
  to   space 462848K, 0% used [0x00000007a3c00000,0x00000007a3c00000,0x00000007c0000000)
 ParOldGen       total 2643456K, used 1920708K [0x00000006c1a00000, 0x0000000762f80000, 0x000000076b380000)
  object space 2643456K, 72% used [0x00000006c1a00000,0x0000000736db1148,0x0000000762f80000)
 Metaspace       used 4117K, capacity 4638K, committed 4864K, reserved 1056768K
  class space    used 440K, capacity 462K, committed 512K, reserved 1048576K
Event: 164.324 GC heap after
Heap after GC invocations=120 (full 14):
 PSYoungGen      total 926208K, used 32K [0x000000076b380000, 0x00000007c0000000, 0x00000007c0000000)
  eden space 463360K, 0% used [0x000000076b380000,0x000000076b380000,0x0000000787800000)
  from space 462848K, 0% used [0x00000007a3c00000,0x00000007a3c08000,0x00000007c0000000)
  to   space 462848K, 0% used [0x0000000787800000,0x0000000787800000,0x00000007a3c00000)
 ParOldGen       total 2643456K, used 1920708K [0x00000006c1a00000, 0x0000000762f80000, 0x000000076b380000)
  object space 2643456K, 72% used [0x00000006c1a00000,0x0000000736db1148,0x0000000762f80000)
 Metaspace       used 4117K, capacity 4638K, committed 4864K, reserved 1056768K
  class space    used 440K, capacity 462K, committed 512K, reserved 1048576K
}
Event: 164.459 GC heap before
{Heap before GC invocations=121 (full 14):
 PSYoungGen      total 926208K, used 395250K [0x000000076b380000, 0x00000007c0000000, 0x00000007c0000000)
  eden space 463360K, 85% used [0x000000076b380000,0x0000000783574ab8,0x0000000787800000)
  from space 462848K, 0% used [0x00000007a3c00000,0x00000007a3c08000,0x00000007c0000000)
  to   space 462848K, 0% used [0x0000000787800000,0x0000000787800000,0x00000007a3c00000)
 ParOldGen       total 2643456K, used 1920708K [0x00000006c1a00000, 0x0000000762f80000, 0x000000076b380000)
  object space 2643456K, 72% used [0x00000006c1a00000,0x0000000736db1148,0x0000000762f80000)
 Metaspace       used 4117K, capacity 4638K, committed 4864K, reserved 1056768K
  class space    used 440K, capacity 462K, committed 512K, reserved 1048576K
Event: 164.471 GC heap after
Heap after GC invocations=121 (full 14):
 PSYoungGen      total 926208K, used 81575K [0x000000076b380000, 0x00000007c0000000, 0x00000007c0000000)
  eden space 463360K, 0% used [0x000000076b380000,0x000000076b380000,0x0000000787800000)
  from space 462848K, 17% used [0x0000000787800000,0x000000078c7a9ff8,0x00000007a3c00000)
  to   space 462848K, 0% used [0x00000007a3c00000,0x00000007a3c00000,0x00000007c0000000)
 ParOldGen       total 2643456K, used 1920708K [0x00000006c1a00000, 0x0000000762f80000, 0x000000076b380000)
  object space 2643456K, 72% used [0x00000006c1a00000,0x0000000736db1148,0x0000000762f80000)
 Metaspace       used 4117K, capacity 4638K, committed 4864K, reserved 1056768K
  class space    used 440K, capacity 462K, committed 512K, reserved 1048576K
}
Event: 164.569 GC heap before
{Heap before GC invocations=122 (full 14):
 PSYoungGen      total 926208K, used 525291K [0x000000076b380000, 0x00000007c0000000, 0x00000007c0000000)
  eden space 463360K, 95% used [0x000000076b380000,0x00000007864d0ee8,0x0000000787800000)
  from space 462848K, 17% used [0x0000000787800000,0x000000078c7a9ff8,0x00000007a3c00000)
  to   space 462848K, 0% used [0x00000007a3c00000,0x00000007a3c00000,0x00000007c0000000)
 ParOldGen       total 2643456K, used 1920708K [0x00000006c1a00000, 0x0000000762f80000, 0x000000076b380000)
  object space 2643456K, 72% used [0x00000006c1a00000,0x0000000736db1148,0x0000000762f80000)
 Metaspace       used 4117K, capacity 4638K, committed 4864K, reserved 1056768K
  class space    used 440K, capacity 462K, committed 512K, reserved 1048576K
Event: 164.668 GC heap after
Heap after GC invocations=122 (full 14):
 PSYoungGen      total 926208K, used 322048K [0x000000076b380000, 0x00000007c0000000, 0x00000007c0000000)
  eden space 463360K, 0% used [0x000000076b380000,0x000000076b380000,0x0000000787800000)
  from space 462848K, 69% used [0x00000007a3c00000,0x00000007b76801f8,0x00000007c0000000)
  to   space 462848K, 0% used [0x0000000787800000,0x0000000787800000,0x00000007a3c00000)
 ParOldGen       total 2643456K, used 1920716K [0x00000006c1a00000, 0x0000000762f80000, 0x000000076b380000)
  object space 2643456K, 72% used [0x00000006c1a00000,0x0000000736db3148,0x0000000762f80000)
 Metaspace       used 4117K, capacity 4638K, committed 4864K, reserved 1056768K
  class space    used 440K, capacity 462K, committed 512K, reserved 1048576K
}
Event: 164.891 GC heap before
{Heap before GC invocations=123 (full 14):
 PSYoungGen      total 926208K, used 785408K [0x000000076b380000, 0x00000007c0000000, 0x00000007c0000000)
  eden space 463360K, 100% used [0x000000076b380000,0x0000000787800000,0x0000000787800000)
  from space 462848K, 69% used [0x00000007a3c00000,0x00000007b76801f8,0x00000007c0000000)
  to   space 462848K, 0% used [0x0000000787800000,0x0000000787800000,0x00000007a3c00000)
 ParOldGen       total 2643456K, used 1920716K [0x00000006c1a00000, 0x0000000762f80000, 0x000000076b380000)
  object space 2643456K, 72% used [0x00000006c1a00000,0x0000000736db3148,0x0000000762f80000)
 Metaspace       used 4117K, capacity 4638K, committed 4864K, reserved 1056768K
  class space    used 440K, capacity 462K, committed 512K, reserved 1048576K
Event: 165.031 GC heap after
Heap after GC invocations=123 (full 14):
 PSYoungGen      total 926208K, used 193007K [0x000000076b380000, 0x00000007c0000000, 0x00000007c0000000)
  eden space 463360K, 0% used [0x000000076b380000,0x000000076b380000,0x0000000787800000)
  from space 462848K, 41% used [0x0000000787800000,0x000000079347be00,0x00000007a3c00000)
  to   space 462848K, 0% used [0x00000007a3c00000,0x00000007a3c00000,0x00000007c0000000)
 ParOldGen       total 2643456K, used 1920716K [0x00000006c1a00000, 0x0000000762f80000, 0x000000076b380000)
  object space 2643456K, 72% used [0x00000006c1a00000,0x0000000736db3148,0x0000000762f80000)
 Metaspace       used 4117K, capacity 4638K, committed 4864K, reserved 1056768K
  class space    used 440K, capacity 462K, committed 512K, reserved 1048576K
}

