# JRE version: Java(TM) SE Runtime Environment (8.0_181-b13) (build 1.8.0_181-b13)
# Java VM: Java HotSpot(TM) 64-Bit Server VM (25.181-b13 mixed mode windows-amd64 compressed oops)
Heap:
 PSYoungGen      total 913408K, used 575234K [0x000000076b380000, 0x00000007c0000000, 0x00000007c0000000)
  eden space 450560K, 87% used [0x000000076b380000,0x000000078354cdc0,0x0000000786b80000)
  from space 462848K, 38% used [0x0000000786b80000,0x0000000791b73e00,0x00000007a2f80000)
  to   space 462848K, 0% used [0x00000007a3c00000,0x00000007a3c00000,0x00000007c0000000)
 ParOldGen       total 2778624K, used 987585K [0x00000006c1a00000, 0x000000076b380000, 0x000000076b380000)
  object space 2778624K, 35% used [0x00000006c1a00000,0x00000006fde70678,0x000000076b380000)
 Metaspace       used 4117K, capacity 4638K, committed 4864K, reserved 1056768K
  class space    used 440K, capacity 462K, committed 512K, reserved 1048576K
GC Heap History (10 events):
Event: 177.639 GC heap before
{Heap before GC invocations=131 (full 20):
 PSYoungGen      total 926208K, used 463456K [0x000000076b380000, 0x00000007c0000000, 0x00000007c0000000)
  eden space 463360K, 100% used [0x000000076b380000,0x0000000787800000,0x0000000787800000)
  from space 462848K, 0% used [0x00000007a3c00000,0x00000007a3c18000,0x00000007c0000000)
  to   space 462848K, 0% used [0x0000000787800000,0x0000000787800000,0x00000007a3c00000)
 ParOldGen       total 2778624K, used 987585K [0x00000006c1a00000, 0x000000076b380000, 0x000000076b380000)
  object space 2778624K, 35% used [0x00000006c1a00000,0x00000006fde70678,0x000000076b380000)
 Metaspace       used 4117K, capacity 4638K, committed 4864K, reserved 1056768K
  class space    used 440K, capacity 462K, committed 512K, reserved 1048576K
Event: 177.641 GC heap after
Heap after GC invocations=131 (full 20):
 PSYoungGen      total 926208K, used 32K [0x000000076b380000, 0x00000007c0000000, 0x00000007c0000000)
  eden space 463360K, 0% used [0x000000076b380000,0x000000076b380000,0x0000000787800000)
  from space 462848K, 0% used [0x0000000787800000,0x0000000787808000,0x00000007a3c00000)
  to   space 462848K, 0% used [0x00000007a3c00000,0x00000007a3c00000,0x00000007c0000000)
 ParOldGen       total 2778624K, used 987585K [0x00000006c1a00000, 0x000000076b380000, 0x000000076b380000)
  object space 2778624K, 35% used [0x00000006c1a00000,0x00000006fde70678,0x000000076b380000)
 Metaspace       used 4117K, capacity 4638K, committed 4864K, reserved 1056768K
  class space    used 440K, capacity 462K, committed 512K, reserved 1048576K
}
Event: 177.955 GC heap before
{Heap before GC invocations=132 (full 20):
 PSYoungGen      total 926208K, used 463392K [0x000000076b380000, 0x00000007c0000000, 0x00000007c0000000)
  eden space 463360K, 100% used [0x000000076b380000,0x0000000787800000,0x0000000787800000)
  from space 462848K, 0% used [0x0000000787800000,0x0000000787808000,0x00000007a3c00000)
  to   space 462848K, 0% used [0x00000007a3c00000,0x00000007a3c00000,0x00000007c0000000)
 ParOldGen       total 2778624K, used 987585K [0x00000006c1a00000, 0x000000076b380000, 0x000000076b380000)
  object space 2778624K, 35% used [0x00000006c1a00000,0x00000006fde70678,0x000000076b380000)
 Metaspace       used 4117K, capacity 4638K, committed 4864K, reserved 1056768K
  class space    used 440K, capacity 462K, committed 512K, reserved 1048576K
Event: 177.957 GC heap after
Heap after GC invocations=132 (full 20):
 PSYoungGen      total 926208K, used 32K [0x000000076b380000, 0x00000007c0000000, 0x00000007c0000000)
  eden space 463360K, 0% used [0x000000076b380000,0x000000076b380000,0x0000000787800000)
  from space 462848K, 0% used [0x00000007a3c00000,0x00000007a3c08000,0x00000007c0000000)
  to   space 462848K, 0% used [0x0000000787800000,0x0000000787800000,0x00000007a3c00000)
 ParOldGen       total 2778624K, used 987585K [0x00000006c1a00000, 0x000000076b380000, 0x000000076b380000)
  object space 2778624K, 35% used [0x00000006c1a00000,0x00000006fde70678,0x000000076b380000)
 Metaspace       used 4117K, capacity 4638K, committed 4864K, reserved 1056768K
  class space    used 440K, capacity 462K, committed 512K, reserved 1048576K
}
Event: 178.110 GC heap before
{Heap before GC invocations=133 (full 20):
 PSYoungGen      total 926208K, used 385955K [0x000000076b380000, 0x00000007c0000000, 0x00000007c0000000)
  eden space 463360K, 83% used [0x000000076b380000,0x0000000782c60ea0,0x0000000787800000)
  from space 462848K, 0% used [0x00000007a3c00000,0x00000007a3c08000,0x00000007c0000000)
  to   space 462848K, 0% used [0x0000000787800000,0x0000000787800000,0x00000007a3c00000)
 ParOldGen       total 2778624K, used 987585K [0x00000006c1a00000, 0x000000076b380000, 0x000000076b380000)
  object space 2778624K, 35% used [0x00000006c1a00000,0x00000006fde70678,0x000000076b380000)
 Metaspace       used 4117K, capacity 4638K, committed 4864K, reserved 1056768K
  class space    used 440K, capacity 462K, committed 512K, reserved 1048576K
Event: 178.124 GC heap after
Heap after GC invocations=133 (full 20):
 PSYoungGen      total 545280K, used 81671K [0x000000076b380000, 0x00000007be700000, 0x00000007c0000000)
  eden space 463360K, 0% used [0x000000076b380000,0x000000076b380000,0x0000000787800000)
  from space 81920K, 99% used [0x0000000787800000,0x000000078c7c1ff8,0x000000078c800000)
  to   space 450048K, 0% used [0x00000007a2f80000,0x00000007a2f80000,0x00000007be700000)
 ParOldGen       total 2778624K, used 987585K [0x00000006c1a00000, 0x000000076b380000, 0x000000076b380000)
  object space 2778624K, 35% used [0x00000006c1a00000,0x00000006fde70678,0x000000076b380000)
 Metaspace       used 4117K, capacity 4638K, committed 4864K, reserved 1056768K
  class space    used 440K, capacity 462K, committed 512K, reserved 1048576K
}
Event: 178.229 GC heap before
{Heap before GC invocations=134 (full 20):
 PSYoungGen      total 545280K, used 525242K [0x000000076b380000, 0x00000007be700000, 0x00000007c0000000)
  eden space 463360K, 95% used [0x000000076b380000,0x00000007864acb98,0x0000000787800000)
  from space 81920K, 99% used [0x0000000787800000,0x000000078c7c1ff8,0x000000078c800000)
  to   space 450048K, 0% used [0x00000007a2f80000,0x00000007a2f80000,0x00000007be700000)
 ParOldGen       total 2778624K, used 987585K [0x00000006c1a00000, 0x000000076b380000, 0x000000076b380000)
  object space 2778624K, 35% used [0x00000006c1a00000,0x00000006fde70678,0x000000076b380000)
 Metaspace       used 4117K, capacity 4638K, committed 4864K, reserved 1056768K
  class space    used 440K, capacity 462K, committed 512K, reserved 1048576K
Event: 178.337 GC heap after
Heap after GC invocations=134 (full 20):
 PSYoungGen      total 900608K, used 322080K [0x000000076b380000, 0x00000007c0000000, 0x00000007c0000000)
  eden space 450560K, 0% used [0x000000076b380000,0x000000076b380000,0x0000000786b80000)
  from space 450048K, 71% used [0x00000007a2f80000,0x00000007b6a081f8,0x00000007be700000)
  to   space 462848K, 0% used [0x0000000786b80000,0x0000000786b80000,0x00000007a2f80000)
 ParOldGen       total 2778624K, used 987585K [0x00000006c1a00000, 0x000000076b380000, 0x000000076b380000)
  object space 2778624K, 35% used [0x00000006c1a00000,0x00000006fde70678,0x000000076b380000)
 Metaspace       used 4117K, capacity 4638K, committed 4864K, reserved 1056768K
  class space    used 440K, capacity 462K, committed 512K, reserved 1048576K
}
Event: 178.568 GC heap before
{Heap before GC invocations=135 (full 20):
 PSYoungGen      total 900608K, used 772640K [0x000000076b380000, 0x00000007c0000000, 0x00000007c0000000)
  eden space 450560K, 100% used [0x000000076b380000,0x0000000786b80000,0x0000000786b80000)
  from space 450048K, 71% used [0x00000007a2f80000,0x00000007b6a081f8,0x00000007be700000)
  to   space 462848K, 0% used [0x0000000786b80000,0x0000000786b80000,0x00000007a2f80000)
 ParOldGen       total 2778624K, used 987585K [0x00000006c1a00000, 0x000000076b380000, 0x000000076b380000)
  object space 2778624K, 35% used [0x00000006c1a00000,0x00000006fde70678,0x000000076b380000)
 Metaspace       used 4117K, capacity 4638K, committed 4864K, reserved 1056768K
  class space    used 440K, capacity 462K, committed 512K, reserved 1048576K
Event: 178.697 GC heap after
Heap after GC invocations=135 (full 20):
 PSYoungGen      total 913408K, used 180175K [0x000000076b380000, 0x00000007c0000000, 0x00000007c0000000)
  eden space 450560K, 0% used [0x000000076b380000,0x000000076b380000,0x0000000786b80000)
  from space 462848K, 38% used [0x0000000786b80000,0x0000000791b73e00,0x00000007a2f80000)
  to   space 462848K, 0% used [0x00000007a3c00000,0x00000007a3c00000,0x00000007c0000000)
 ParOldGen       total 2778624K, used 987585K [0x00000006c1a00000, 0x000000076b380000, 0x000000076b380000)
  object space 2778624K, 35% used [0x00000006c1a00000,0x00000006fde70678,0x000000076b380000)
 Metaspace       used 4117K, capacity 4638K, committed 4864K, reserved 1056768K
  class space    used 440K, capacity 462K, committed 512K, reserved 1048576K
}

