# JRE version: Java(TM) SE Runtime Environment (8.0_181-b13) (build 1.8.0_181-b13)
# Java VM: Java HotSpot(TM) 64-Bit Server VM (25.181-b13 mixed mode windows-amd64 compressed oops)
Heap:
 PSYoungGen      total 903168K, used 593053K [0x000000076b380000, 0x00000007c0000000, 0x00000007c0000000)
  eden space 443904K, 30% used [0x000000076b380000,0x000000077362bdd8,0x0000000786500000)
  from space 459264K, 99% used [0x0000000786500000,0x00000007a257b868,0x00000007a2580000)
  to   space 462848K, 0% used [0x00000007a3c00000,0x00000007a3c00000,0x00000007c0000000)
 ParOldGen       total 2778624K, used 1181458K [0x00000006c1a00000, 0x000000076b380000, 0x000000076b380000)
  object space 2778624K, 42% used [0x00000006c1a00000,0x0000000709bc4808,0x000000076b380000)
 Metaspace       used 4510K, capacity 4768K, committed 4992K, reserved 1056768K
  class space    used 480K, capacity 528K, committed 640K, reserved 1048576K
GC Heap History (10 events):
Event: 346.424 GC heap before
{Heap before GC invocations=312 (full 31):
 PSYoungGen      total 926208K, used 486627K [0x000000076b380000, 0x00000007c0000000, 0x00000007c0000000)
  eden space 463360K, 99% used [0x000000076b380000,0x0000000787744ef0,0x0000000787800000)
  from space 462848K, 5% used [0x00000007a3c00000,0x00000007a5373d30,0x00000007c0000000)
  to   space 462848K, 0% used [0x0000000787800000,0x0000000787800000,0x00000007a3c00000)
 ParOldGen       total 2778624K, used 1091082K [0x00000006c1a00000, 0x000000076b380000, 0x000000076b380000)
  object space 2778624K, 39% used [0x00000006c1a00000,0x0000000704382808,0x000000076b380000)
 Metaspace       used 4510K, capacity 4768K, committed 4992K, reserved 1056768K
  class space    used 480K, capacity 528K, committed 640K, reserved 1048576K
Event: 346.455 GC heap after
Heap after GC invocations=312 (full 31):
 PSYoungGen      total 926208K, used 64150K [0x000000076b380000, 0x00000007c0000000, 0x00000007c0000000)
  eden space 463360K, 0% used [0x000000076b380000,0x000000076b380000,0x0000000787800000)
  from space 462848K, 13% used [0x0000000787800000,0x000000078b6a5b50,0x00000007a3c00000)
  to   space 462848K, 0% used [0x00000007a3c00000,0x00000007a3c00000,0x00000007c0000000)
 ParOldGen       total 2778624K, used 1091082K [0x00000006c1a00000, 0x000000076b380000, 0x000000076b380000)
  object space 2778624K, 39% used [0x00000006c1a00000,0x0000000704382808,0x000000076b380000)
 Metaspace       used 4510K, capacity 4768K, committed 4992K, reserved 1056768K
  class space    used 480K, capacity 528K, committed 640K, reserved 1048576K
}
Event: 347.273 GC heap before
{Heap before GC invocations=313 (full 31):
 PSYoungGen      total 926208K, used 527510K [0x000000076b380000, 0x00000007c0000000, 0x00000007c0000000)
  eden space 463360K, 100% used [0x000000076b380000,0x0000000787800000,0x0000000787800000)
  from space 462848K, 13% used [0x0000000787800000,0x000000078b6a5b50,0x00000007a3c00000)
  to   space 462848K, 0% used [0x00000007a3c00000,0x00000007a3c00000,0x00000007c0000000)
 ParOldGen       total 2778624K, used 1091082K [0x00000006c1a00000, 0x000000076b380000, 0x000000076b380000)
  object space 2778624K, 39% used [0x00000006c1a00000,0x0000000704382808,0x000000076b380000)
 Metaspace       used 4510K, capacity 4768K, committed 4992K, reserved 1056768K
  class space    used 480K, capacity 528K, committed 640K, reserved 1048576K
Event: 347.327 GC heap after
Heap after GC invocations=313 (full 31):
 PSYoungGen      total 909824K, used 92491K [0x000000076b380000, 0x00000007bf000000, 0x00000007c0000000)
  eden space 463360K, 0% used [0x000000076b380000,0x000000076b380000,0x0000000787800000)
  from space 446464K, 20% used [0x00000007a3c00000,0x00000007a9652d40,0x00000007bf000000)
  to   space 454656K, 0% used [0x0000000787800000,0x0000000787800000,0x00000007a3400000)
 ParOldGen       total 2778624K, used 1091082K [0x00000006c1a00000, 0x000000076b380000, 0x000000076b380000)
  object space 2778624K, 39% used [0x00000006c1a00000,0x0000000704382808,0x000000076b380000)
 Metaspace       used 4510K, capacity 4768K, committed 4992K, reserved 1056768K
  class space    used 480K, capacity 528K, committed 640K, reserved 1048576K
}
Event: 348.149 GC heap before
{Heap before GC invocations=314 (full 31):
 PSYoungGen      total 909824K, used 536578K [0x000000076b380000, 0x00000007bf000000, 0x00000007c0000000)
  eden space 463360K, 95% used [0x000000076b380000,0x000000078652de00,0x0000000787800000)
  from space 446464K, 20% used [0x00000007a3c00000,0x00000007a9652d40,0x00000007bf000000)
  to   space 454656K, 0% used [0x0000000787800000,0x0000000787800000,0x00000007a3400000)
 ParOldGen       total 2778624K, used 1091082K [0x00000006c1a00000, 0x000000076b380000, 0x000000076b380000)
  object space 2778624K, 39% used [0x00000006c1a00000,0x0000000704382808,0x000000076b380000)
 Metaspace       used 4510K, capacity 4768K, committed 4992K, reserved 1056768K
  class space    used 480K, capacity 528K, committed 640K, reserved 1048576K
Event: 348.218 GC heap after
Heap after GC invocations=314 (full 31):
 PSYoungGen      total 599040K, used 135395K [0x000000076b380000, 0x00000007bc680000, 0x00000007c0000000)
  eden space 463360K, 0% used [0x000000076b380000,0x000000076b380000,0x0000000787800000)
  from space 135680K, 99% used [0x0000000787800000,0x000000078fc38f40,0x000000078fc80000)
  to   space 427008K, 0% used [0x00000007a2580000,0x00000007a2580000,0x00000007bc680000)
 ParOldGen       total 2778624K, used 1091082K [0x00000006c1a00000, 0x000000076b380000, 0x000000076b380000)
  object space 2778624K, 39% used [0x00000006c1a00000,0x0000000704382808,0x000000076b380000)
 Metaspace       used 4510K, capacity 4768K, committed 4992K, reserved 1056768K
  class space    used 480K, capacity 528K, committed 640K, reserved 1048576K
}
Event: 349.082 GC heap before
{Heap before GC invocations=315 (full 31):
 PSYoungGen      total 599040K, used 578244K [0x000000076b380000, 0x00000007bc680000, 0x00000007c0000000)
  eden space 463360K, 95% used [0x000000076b380000,0x00000007863f8270,0x0000000787800000)
  from space 135680K, 99% used [0x0000000787800000,0x000000078fc38f40,0x000000078fc80000)
  to   space 427008K, 0% used [0x00000007a2580000,0x00000007a2580000,0x00000007bc680000)
 ParOldGen       total 2778624K, used 1091082K [0x00000006c1a00000, 0x000000076b380000, 0x000000076b380000)
  object space 2778624K, 39% used [0x00000006c1a00000,0x0000000704382808,0x000000076b380000)
 Metaspace       used 4510K, capacity 4768K, committed 4992K, reserved 1056768K
  class space    used 480K, capacity 528K, committed 640K, reserved 1048576K
Event: 349.249 GC heap after
Heap after GC invocations=315 (full 31):
 PSYoungGen      total 870912K, used 291569K [0x000000076b380000, 0x00000007c0000000, 0x00000007c0000000)
  eden space 443904K, 0% used [0x000000076b380000,0x000000076b380000,0x0000000786500000)
  from space 427008K, 68% used [0x00000007a2580000,0x00000007b423c4f8,0x00000007bc680000)
  to   space 459264K, 0% used [0x0000000786500000,0x0000000786500000,0x00000007a2580000)
 ParOldGen       total 2778624K, used 1091082K [0x00000006c1a00000, 0x000000076b380000, 0x000000076b380000)
  object space 2778624K, 39% used [0x00000006c1a00000,0x0000000704382808,0x000000076b380000)
 Metaspace       used 4510K, capacity 4768K, committed 4992K, reserved 1056768K
  class space    used 480K, capacity 528K, committed 640K, reserved 1048576K
}
Event: 349.384 GC heap before
{Heap before GC invocations=316 (full 31):
 PSYoungGen      total 870912K, used 666886K [0x000000076b380000, 0x00000007c0000000, 0x00000007c0000000)
  eden space 443904K, 84% used [0x000000076b380000,0x0000000782205550,0x0000000786500000)
  from space 427008K, 68% used [0x00000007a2580000,0x00000007b423c4f8,0x00000007bc680000)
  to   space 459264K, 0% used [0x0000000786500000,0x0000000786500000,0x00000007a2580000)
 ParOldGen       total 2778624K, used 1091082K [0x00000006c1a00000, 0x000000076b380000, 0x000000076b380000)
  object space 2778624K, 39% used [0x00000006c1a00000,0x0000000704382808,0x000000076b380000)
 Metaspace       used 4510K, capacity 4768K, committed 4992K, reserved 1056768K
  class space    used 480K, capacity 528K, committed 640K, reserved 1048576K
Event: 349.713 GC heap after
Heap after GC invocations=316 (full 31):
 PSYoungGen      total 903168K, used 459246K [0x000000076b380000, 0x00000007c0000000, 0x00000007c0000000)
  eden space 443904K, 0% used [0x000000076b380000,0x000000076b380000,0x0000000786500000)
  from space 459264K, 99% used [0x0000000786500000,0x00000007a257b868,0x00000007a2580000)
  to   space 462848K, 0% used [0x00000007a3c00000,0x00000007a3c00000,0x00000007c0000000)
 ParOldGen       total 2778624K, used 1181458K [0x00000006c1a00000, 0x000000076b380000, 0x000000076b380000)
  object space 2778624K, 42% used [0x00000006c1a00000,0x0000000709bc4808,0x000000076b380000)
 Metaspace       used 4510K, capacity 4768K, committed 4992K, reserved 1056768K
  class space    used 480K, capacity 528K, committed 640K, reserved 1048576K
}

